<?xml version="1.0" encoding="UTF-8"?>
<testng-results skipped="0" failed="2" total="2" passed="0">
  <reporter-output>
  </reporter-output>
  <suite name="Default suite" duration-ms="15647" started-at="2017-02-01T06:25:48Z" finished-at="2017-02-01T06:26:04Z">
    <groups>
    </groups>
    <test name="Default test" duration-ms="15647" started-at="2017-02-01T06:25:48Z" finished-at="2017-02-01T06:26:04Z">
      <class name="datadriven1.OptimizedApachePOIReadAndWriteBack">
        <test-method status="PASS" signature="beforeMethod()[pri:0, instance:datadriven1.OptimizedApachePOIReadAndWriteBack@46d56d67]" name="beforeMethod" is-config="true" duration-ms="4821" started-at="2017-01-31T22:25:49Z" finished-at="2017-01-31T22:25:54Z">
          <reporter-output>
          </reporter-output>
        </test-method> <!-- beforeMethod -->
        <test-method status="FAIL" signature="f(java.lang.String, java.lang.String, java.lang.String, java.lang.String)[pri:0, instance:datadriven1.OptimizedApachePOIReadAndWriteBack@46d56d67]" name="f" duration-ms="2133" started-at="2017-01-31T22:25:54Z" data-provider="dp" finished-at="2017-01-31T22:25:56Z">
          <params>
            <param index="0">
              <value>
                <![CDATA[TC_1]]>
              </value>
            </param>
            <param index="1">
              <value>
                <![CDATA[mercury]]>
              </value>
            </param>
            <param index="2">
              <value>
                <![CDATA[mercury]]>
              </value>
            </param>
            <param index="3">
              <value is-null="true"/>
            </param>
          </params>
          <exception class="java.lang.NumberFormatException">
            <message>
              <![CDATA[For input string: "TC_1"]]>
            </message>
            <full-stacktrace>
              <![CDATA[java.lang.NumberFormatException: For input string: "TC_1"
	at java.lang.NumberFormatException.forInputString(NumberFormatException.java:65)
	at java.lang.Integer.parseInt(Integer.java:580)
	at java.lang.Integer.parseInt(Integer.java:615)
	at datadriven1.ApachePOIMethods.writeTestResultToXLSX(ApachePOIMethods.java:60)
	at datadriven1.OptimizedApachePOIReadAndWriteBack.f(OptimizedApachePOIReadAndWriteBack.java:26)
	at sun.reflect.NativeMethodAccessorImpl.invoke0(Native Method)
	at sun.reflect.NativeMethodAccessorImpl.invoke(NativeMethodAccessorImpl.java:62)
	at sun.reflect.DelegatingMethodAccessorImpl.invoke(DelegatingMethodAccessorImpl.java:43)
	at java.lang.reflect.Method.invoke(Method.java:498)
	at org.testng.internal.MethodInvocationHelper.invokeMethod(MethodInvocationHelper.java:84)
	at org.testng.internal.Invoker.invokeMethod(Invoker.java:714)
	at org.testng.internal.Invoker.invokeTestMethod(Invoker.java:901)
	at org.testng.internal.Invoker.invokeTestMethods(Invoker.java:1231)
	at org.testng.internal.TestMethodWorker.invokeTestMethods(TestMethodWorker.java:127)
	at org.testng.internal.TestMethodWorker.run(TestMethodWorker.java:111)
	at org.testng.TestRunner.privateRun(TestRunner.java:767)
	at org.testng.TestRunner.run(TestRunner.java:617)
	at org.testng.SuiteRunner.runTest(SuiteRunner.java:334)
	at org.testng.SuiteRunner.runSequentially(SuiteRunner.java:329)
	at org.testng.SuiteRunner.privateRun(SuiteRunner.java:291)
	at org.testng.SuiteRunner.run(SuiteRunner.java:240)
	at org.testng.SuiteRunnerWorker.runSuite(SuiteRunnerWorker.java:52)
	at org.testng.SuiteRunnerWorker.run(SuiteRunnerWorker.java:86)
	at org.testng.TestNG.runSuitesSequentially(TestNG.java:1224)
	at org.testng.TestNG.runSuitesLocally(TestNG.java:1149)
	at org.testng.TestNG.run(TestNG.java:1057)
	at org.testng.remote.AbstractRemoteTestNG.run(AbstractRemoteTestNG.java:132)
	at org.testng.remote.RemoteTestNG.initAndRun(RemoteTestNG.java:236)
	at org.testng.remote.RemoteTestNG.main(RemoteTestNG.java:81)
]]>
            </full-stacktrace>
          </exception> <!-- java.lang.NumberFormatException -->
          <reporter-output>
          </reporter-output>
        </test-method> <!-- f -->
        <test-method status="PASS" signature="afterMethod()[pri:0, instance:datadriven1.OptimizedApachePOIReadAndWriteBack@46d56d67]" name="afterMethod" is-config="true" duration-ms="1559" started-at="2017-01-31T22:25:56Z" finished-at="2017-01-31T22:25:57Z">
          <reporter-output>
          </reporter-output>
        </test-method> <!-- afterMethod -->
        <test-method status="PASS" signature="beforeMethod()[pri:0, instance:datadriven1.OptimizedApachePOIReadAndWriteBack@46d56d67]" name="beforeMethod" is-config="true" duration-ms="4265" started-at="2017-01-31T22:25:57Z" finished-at="2017-01-31T22:26:02Z">
          <reporter-output>
          </reporter-output>
        </test-method> <!-- beforeMethod -->
        <test-method status="FAIL" signature="f(java.lang.String, java.lang.String, java.lang.String, java.lang.String)[pri:0, instance:datadriven1.OptimizedApachePOIReadAndWriteBack@46d56d67]" name="f" duration-ms="915" started-at="2017-01-31T22:26:02Z" data-provider="dp" finished-at="2017-01-31T22:26:03Z">
          <params>
            <param index="0">
              <value>
                <![CDATA[TC_2]]>
              </value>
            </param>
            <param index="1">
              <value>
                <![CDATA[test]]>
              </value>
            </param>
            <param index="2">
              <value>
                <![CDATA[test]]>
              </value>
            </param>
            <param index="3">
              <value is-null="true"/>
            </param>
          </params>
          <exception class="java.lang.NumberFormatException">
            <message>
              <![CDATA[For input string: "TC_2"]]>
            </message>
            <full-stacktrace>
              <![CDATA[java.lang.NumberFormatException: For input string: "TC_2"
	at java.lang.NumberFormatException.forInputString(NumberFormatException.java:65)
	at java.lang.Integer.parseInt(Integer.java:580)
	at java.lang.Integer.parseInt(Integer.java:615)
	at datadriven1.ApachePOIMethods.writeTestResultToXLSX(ApachePOIMethods.java:60)
	at datadriven1.OptimizedApachePOIReadAndWriteBack.f(OptimizedApachePOIReadAndWriteBack.java:28)
	at sun.reflect.NativeMethodAccessorImpl.invoke0(Native Method)
	at sun.reflect.NativeMethodAccessorImpl.invoke(NativeMethodAccessorImpl.java:62)
	at sun.reflect.DelegatingMethodAccessorImpl.invoke(DelegatingMethodAccessorImpl.java:43)
	at java.lang.reflect.Method.invoke(Method.java:498)
	at org.testng.internal.MethodInvocationHelper.invokeMethod(MethodInvocationHelper.java:84)
	at org.testng.internal.Invoker.invokeMethod(Invoker.java:714)
	at org.testng.internal.Invoker.invokeTestMethod(Invoker.java:901)
	at org.testng.internal.Invoker.invokeTestMethods(Invoker.java:1231)
	at org.testng.internal.TestMethodWorker.invokeTestMethods(TestMethodWorker.java:127)
	at org.testng.internal.TestMethodWorker.run(TestMethodWorker.java:111)
	at org.testng.TestRunner.privateRun(TestRunner.java:767)
	at org.testng.TestRunner.run(TestRunner.java:617)
	at org.testng.SuiteRunner.runTest(SuiteRunner.java:334)
	at org.testng.SuiteRunner.runSequentially(SuiteRunner.java:329)
	at org.testng.SuiteRunner.privateRun(SuiteRunner.java:291)
	at org.testng.SuiteRunner.run(SuiteRunner.java:240)
	at org.testng.SuiteRunnerWorker.runSuite(SuiteRunnerWorker.java:52)
	at org.testng.SuiteRunnerWorker.run(SuiteRunnerWorker.java:86)
	at org.testng.TestNG.runSuitesSequentially(TestNG.java:1224)
	at org.testng.TestNG.runSuitesLocally(TestNG.java:1149)
	at org.testng.TestNG.run(TestNG.java:1057)
	at org.testng.remote.AbstractRemoteTestNG.run(AbstractRemoteTestNG.java:132)
	at org.testng.remote.RemoteTestNG.initAndRun(RemoteTestNG.java:236)
	at org.testng.remote.RemoteTestNG.main(RemoteTestNG.java:81)
]]>
            </full-stacktrace>
          </exception> <!-- java.lang.NumberFormatException -->
          <reporter-output>
          </reporter-output>
        </test-method> <!-- f -->
        <test-method status="PASS" signature="afterMethod()[pri:0, instance:datadriven1.OptimizedApachePOIReadAndWriteBack@46d56d67]" name="afterMethod" is-config="true" duration-ms="1403" started-at="2017-01-31T22:26:03Z" finished-at="2017-01-31T22:26:04Z">
          <reporter-output>
          </reporter-output>
        </test-method> <!-- afterMethod -->
      </class> <!-- datadriven1.OptimizedApachePOIReadAndWriteBack -->
    </test> <!-- Default test -->
  </suite> <!-- Default suite -->
</testng-results>
